
scontrol show jobid 1431009
JobId=1431009 JobName=debugjob-1-harryli
   UserId=harryli(3033855) GroupId=dylan(6000035) MCS_label=N/A
   Priority=13107920 Nice=0 Account=rrg-dylan QOS=normal
   JobState=COMPLETING Reason=TimeLimit Dependency=(null)
   Requeue=0 Restarts=0 BatchFlag=0 Reboot=0 ExitCode=0:0
   RunTime=01:00:01 TimeLimit=01:00:00 TimeMin=N/A
   SubmitTime=2019-06-24T20:48:42 EligibleTime=2019-06-24T20:48:42
   StartTime=2019-06-24T20:48:42 EndTime=2019-06-24T21:48:43 Deadline=N/A
   PreemptTime=None SuspendTime=None SecsPreSuspend=0
   LastSchedEval=2019-06-24T20:48:42
   Partition=debug AllocNode:Sid=nia-login07:277650
   ReqNodeList=(null) ExcNodeList=(null)
   NodeList=nia1297
   BatchHost=nia1297
   NumNodes=1 NumCPUs=80 NumTasks=40 CPUs/Task=1 ReqB:S:C:T=0:0:*:*
   TRES=cpu=80,node=1,billing=40
   Socks/Node=* NtasksPerN:B:S:C=0:0:*:* CoreSpec=*
   MinCPUsNode=1 MinMemoryNode=0 MinTmpDiskNode=0
   Features=(null) DelayBoot=00:00:00
   Gres=(null) Reservation=(null)
   OverSubscribe=NO Contiguous=0 Licenses=(null) Network=(null)
   Command=(null)
   WorkDir=/gpfs/fs0/scratch/d/dylan/harryli/cesm1/vrcesm/Analysis/vrseasia_AMIP_1979_to_2005/scripts/tmp
   Power=
   

sacct -j 1431009
       JobID    JobName    Account    Elapsed  MaxVMSize     MaxRSS  SystemCPU    UserCPU ExitCode 
------------ ---------- ---------- ---------- ---------- ---------- ---------- ---------- -------- 
1431009      debugjob-+  rrg-dylan   01:00:01                        04:53.231   05:06:01      0:0 
1431009.ext+     extern  rrg-dylan   01:00:01    168876K      1272K   00:00:00   00:00:00      0:0 
1431009.0          bash  rrg-dylan   01:00:26   4826592K   1458900K  04:53.230   05:06:01      0:9 
