
scontrol show jobid 2195609
JobId=2195609 JobName=debugjob-1-harryli
   UserId=harryli(3033855) GroupId=dylan(6000035) MCS_label=N/A
   Priority=11870103 Nice=0 Account=rrg-dylan QOS=bump
   JobState=COMPLETING Reason=None Dependency=(null)
   Requeue=0 Restarts=0 BatchFlag=0 Reboot=0 ExitCode=0:0
   RunTime=00:46:37 TimeLimit=01:00:00 TimeMin=N/A
   SubmitTime=2019-12-11T23:00:47 EligibleTime=2019-12-11T23:00:47
   AccrueTime=Unknown
   StartTime=2019-12-11T23:00:47 EndTime=2019-12-11T23:47:24 Deadline=N/A
   SuspendTime=None SecsPreSuspend=0 LastSchedEval=2019-12-11T23:00:47
   Partition=debug AllocNode:Sid=nia-login02:35411
   ReqNodeList=(null) ExcNodeList=(null)
   NodeList=nia0589
   BatchHost=nia0589
   NumNodes=1 NumCPUs=80 NumTasks=40 CPUs/Task=1 ReqB:S:C:T=0:0:*:*
   TRES=cpu=80,node=1,billing=40
   Socks/Node=* NtasksPerN:B:S:C=0:0:*:* CoreSpec=*
   MinCPUsNode=1 MinMemoryNode=0 MinTmpDiskNode=0
   Features=(null) DelayBoot=00:00:00
   OverSubscribe=NO Contiguous=0 Licenses=(null) Network=(null)
   Command=(null)
   WorkDir=/gpfs/fs0/scratch/d/dylan/harryli/cesm1/vrcesm/Analysis/vrseasia_AMIP_Aerosol/scripts/pre/extreme
   Power=

sacct -j 2195609
       JobID    JobName    Account    Elapsed  MaxVMSize     MaxRSS  SystemCPU    UserCPU ExitCode 
------------ ---------- ---------- ---------- ---------- ---------- ---------- ---------- -------- 
2195609      debugjob-+  rrg-dylan   00:46:38                        03:09.054  54:58.691      0:0 
2195609.ext+     extern  rrg-dylan   00:46:38                         00:00:00   00:00:00      0:0 
2195609.0          bash  rrg-dylan   00:46:34  28596424K  25247724K  03:09.054  54:58.691      0:0 
