
scontrol show jobid 2203625
JobId=2203625 JobName=debugjob-1-harryli
   UserId=harryli(3033855) GroupId=dylan(6000035) MCS_label=N/A
   Priority=11912830 Nice=0 Account=rrg-dylan QOS=bump
   JobState=COMPLETING Reason=None Dependency=(null)
   Requeue=0 Restarts=0 BatchFlag=0 Reboot=0 ExitCode=0:0
   RunTime=00:57:18 TimeLimit=01:00:00 TimeMin=N/A
   SubmitTime=2019-12-14T02:40:32 EligibleTime=2019-12-14T02:40:32
   AccrueTime=Unknown
   StartTime=2019-12-14T02:40:32 EndTime=2019-12-14T03:37:50 Deadline=N/A
   SuspendTime=None SecsPreSuspend=0 LastSchedEval=2019-12-14T02:40:32
   Partition=debug AllocNode:Sid=nia-login07:304820
   ReqNodeList=(null) ExcNodeList=(null)
   NodeList=nia1213
   BatchHost=nia1213
   NumNodes=1 NumCPUs=80 NumTasks=40 CPUs/Task=1 ReqB:S:C:T=0:0:*:*
   TRES=cpu=80,node=1,billing=40
   Socks/Node=* NtasksPerN:B:S:C=0:0:*:* CoreSpec=*
   MinCPUsNode=1 MinMemoryNode=0 MinTmpDiskNode=0
   Features=(null) DelayBoot=00:00:00
   OverSubscribe=NO Contiguous=0 Licenses=(null) Network=(null)
   Command=(null)
   WorkDir=/gpfs/fs0/scratch/d/dylan/harryli/cesm1/vrcesm/Analysis/vrseasia_AMIP_Aerosol/scripts/pre/extreme
   Power=

sacct -j 2203625
       JobID    JobName    Account    Elapsed  MaxVMSize     MaxRSS  SystemCPU    UserCPU ExitCode 
------------ ---------- ---------- ---------- ---------- ---------- ---------- ---------- -------- 
2203625      debugjob-+  rrg-dylan   00:57:18                        03:41.732   01:15:41      0:0 
2203625.ext+     extern  rrg-dylan   00:57:18    137068K       804K   00:00:00   00:00:00      0:0 
2203625.0          bash  rrg-dylan   00:58:15  28889372K  25540020K  03:41.731   01:15:41      0:9 
