
scontrol show jobid 2202250
JobId=2202250 JobName=debugjob-1-harryli
   UserId=harryli(3033855) GroupId=dylan(6000035) MCS_label=N/A
   Priority=11911240 Nice=0 Account=rrg-dylan QOS=bump
   JobState=COMPLETING Reason=None Dependency=(null)
   Requeue=0 Restarts=0 BatchFlag=0 Reboot=0 ExitCode=0:0
   RunTime=00:52:35 TimeLimit=01:00:00 TimeMin=N/A
   SubmitTime=2019-12-13T22:21:45 EligibleTime=2019-12-13T22:21:45
   AccrueTime=2019-12-13T22:21:45
   StartTime=2019-12-13T22:22:20 EndTime=2019-12-13T23:14:55 Deadline=N/A
   SuspendTime=None SecsPreSuspend=0 LastSchedEval=2019-12-13T22:22:20
   Partition=debug AllocNode:Sid=nia-login07:304820
   ReqNodeList=(null) ExcNodeList=(null)
   NodeList=nia0087
   BatchHost=nia0087
   NumNodes=1 NumCPUs=80 NumTasks=40 CPUs/Task=1 ReqB:S:C:T=0:0:*:*
   TRES=cpu=80,node=1,billing=40
   Socks/Node=* NtasksPerN:B:S:C=0:0:*:* CoreSpec=*
   MinCPUsNode=1 MinMemoryNode=0 MinTmpDiskNode=0
   Features=(null) DelayBoot=00:00:00
   OverSubscribe=NO Contiguous=0 Licenses=(null) Network=(null)
   Command=(null)
   WorkDir=/gpfs/fs0/scratch/d/dylan/harryli/cesm1/vrcesm/Analysis/vrseasia_AMIP_Aerosol/scripts/circulation
   Power=

sacct -j 2202250
       JobID    JobName    Account    Elapsed  MaxVMSize     MaxRSS  SystemCPU    UserCPU ExitCode 
------------ ---------- ---------- ---------- ---------- ---------- ---------- ---------- -------- 
2202250      debugjob-+  rrg-dylan   00:52:35                        11:29.405   04:04:03      0:0 
2202250.ext+     extern  rrg-dylan   00:52:35    137068K       804K   00:00:00  00:00.001      0:0 
2202250.0          bash  rrg-dylan   00:52:30  65391508K  59552212K  11:29.405   04:04:03      0:0 
