
scontrol show jobid 2167617
JobId=2167617 JobName=debugjob-1-harryli
   UserId=harryli(3033855) GroupId=dylan(6000035) MCS_label=N/A
   Priority=12491598 Nice=0 Account=rrg-dylan QOS=bump
   JobState=COMPLETING Reason=TimeLimit Dependency=(null)
   Requeue=0 Restarts=0 BatchFlag=0 Reboot=0 ExitCode=0:0
   RunTime=01:00:14 TimeLimit=01:00:00 TimeMin=N/A
   SubmitTime=2019-12-06T10:51:18 EligibleTime=2019-12-06T10:51:18
   AccrueTime=Unknown
   StartTime=2019-12-06T10:51:18 EndTime=2019-12-06T11:51:32 Deadline=N/A
   SuspendTime=None SecsPreSuspend=0 LastSchedEval=2019-12-06T10:51:18
   Partition=debug AllocNode:Sid=nia-login07:398857
   ReqNodeList=(null) ExcNodeList=(null)
   NodeList=nia0001
   BatchHost=nia0001
   NumNodes=1 NumCPUs=80 NumTasks=40 CPUs/Task=1 ReqB:S:C:T=0:0:*:*
   TRES=cpu=80,node=1,billing=40
   Socks/Node=* NtasksPerN:B:S:C=0:0:*:* CoreSpec=*
   MinCPUsNode=1 MinMemoryNode=0 MinTmpDiskNode=0
   Features=(null) DelayBoot=00:00:00
   OverSubscribe=NO Contiguous=0 Licenses=(null) Network=(null)
   Command=(null)
   WorkDir=/gpfs/fs0/scratch/d/dylan/harryli/cesm1/vrcesm/Analysis/vrseasia_AMIP_Aerosol/scripts/circulation
   Power=

sacct -j 2167617
       JobID    JobName    Account    Elapsed  MaxVMSize     MaxRSS  SystemCPU    UserCPU ExitCode 
------------ ---------- ---------- ---------- ---------- ---------- ---------- ---------- -------- 
2167617      debugjob-+  rrg-dylan   01:00:14                        03:13.673   01:24:49      0:0 
2167617.ext+     extern  rrg-dylan   01:00:14    137068K       804K   00:00:00   00:00:00      0:0 
2167617.0          bash  rrg-dylan   01:01:10  74209736K  58018632K  03:13.672   01:24:49      0:9 
